MPASM 5.87                         DELAY.ASM   9-29-2023  14:04:48         PAGE  1


LOC  OBJECT CODE     LINE SOURCE TEXT
  VALUE

                      00001 #include "Delay.inc"
                      00001 ;-------------------------------------------------------------------------------
                      00002 ;               CONFIGURACIÓN PROGRAMAS DELAY 
                      00003 ;------------------------------------------------------------------------------- 
                      00004     #define load_d1   0x11
                      00005 Delay_ram udata     ;configura la posición de almacenamiento de registros según convenga
000000                00006 d1 res 1            ; Reseva 1 byte a el registro d1
000001                00007 d2 res 1            ; Reseva 1 byte a el registro d2
000002                00008 d3 res 1            ; Reseva 1 byte a el registro d3
                      00009 
                      00002  
                      00003 Delay_ code         ; Permite diferenciar código para el LINKER
                      00004 
  0000                00005     global Delay100             ; Define nombre global para implementación
                      00006  
000000                00007 Delay100
                      00008         
                      00009         
                      00010         ; Delay = 0.1 seconds
                      00011 ; Clock frequency = 8 MHz
                      00012 
                      00013 ; Actual delay = 0.1 seconds = 200000 cycles
                      00014 ; Error = 0 %
                      00015 
                      00016 
                      00017                         ;199998 cycles
000000 0E3F           00018         movlw   0x3F
000002 6E??           00019         movwf   d1
000004 0E9D           00020         movlw   0x9D
000006 6E??           00021         movwf   d2
000008                00022 Delay_0
000008 2E??           00023         decfsz  d1, f
00000A EF?? F???      00024         goto    $+3*2
00000E 2E??           00025         decfsz  d2, f
000010 EF?? F???      00026         goto    Delay_0
                      00027 
                      00028                         ;2 cycles
000014 EF?? F???      00029         goto    $+1*4
                      00030                         ;4 cycles (including call)
000018 0012           00031     return
                      00032         
                      00033         END
MPASM 5.87                         DELAY.ASM   9-29-2023  14:04:48         PAGE  2


SYMBOL TABLE
  LABEL                             VALUE 

Delay100                          00000000
Delay_0                           00000008
_Delay__000A                      0000000A
_Delay__0014                      00000014
__18F45K20                        00000001
d1                                00000000
d2                                00000001
d3                                00000002
load_d1                           0x11

Errors   :     0
Warnings :     0 reported,     0 suppressed
Messages :     0 reported,     0 suppressed

